[2026-01-13 12:02:34] SQLSTATE[42S22]: Column not found: 1054 Unknown column 'user_id' in 'WHERE'
SQL: SELECT * FROM contracts WHERE user_id = ? AND deleted_at IS NULL ORDER BY created_at DESC LIMIT 5
Params: [1]

[2026-01-13 12:02:49] SQLSTATE[42S22]: Column not found: 1054 Unknown column 'i.user_id' in 'ON'
SQL: SELECT i.*, CONCAT(u.first_name, ' ', u.last_name) as user_name, u.email as user_email, u.phone as user_phone, u.id as user_id
             FROM invoices i
             LEFT JOIN users u ON i.user_id = u.id
             WHERE i.id = ? AND i.deleted_at IS NULL
Params: [1]

[2026-01-13 12:11:46] SQLSTATE[42S22]: Column not found: 1054 Unknown column 'page_url' in 'SELECT'
SQL: SELECT page_url, page_title, COUNT(*) as views 
             FROM analytics WHERE DATE(created_at) BETWEEN ? AND ? 
             GROUP BY page_url, page_title ORDER BY views DESC LIMIT 10
Params: ["2025-12-14","2026-01-13"]

[2026-01-13 12:12:14] SQLSTATE[42S22]: Column not found: 1054 Unknown column 'page_url' in 'SELECT'
SQL: SELECT page_url, page_title, COUNT(*) as views 
             FROM analytics WHERE DATE(created_at) BETWEEN ? AND ? 
             GROUP BY page_url, page_title ORDER BY views DESC LIMIT 10
Params: ["2026-01-06","2026-01-13"]

[2026-01-13 12:19:32] SQLSTATE[42S02]: Base table or view not found: 1146 Table 'b7_40611962_tsilizy_llc.portfolios' doesn't exist
SQL: SELECT * FROM portfolios WHERE status = 'published' AND deleted_at IS NULL ORDER BY is_featured DESC, created_at DESC LIMIT 6
Params: []

[2026-01-13 13:05:29] SQLSTATE[42S02]: Base table or view not found: 1146 Table 'b7_40611962_tsilizy_llc.portfolios' doesn't exist
SQL: SELECT * FROM portfolios WHERE status = 'published' AND deleted_at IS NULL ORDER BY is_featured DESC, created_at DESC LIMIT 6
Params: []

[2026-01-13 13:23:31] SQLSTATE[42S02]: Base table or view not found: 1146 Table 'b7_40611962_tsilizy_llc.portfolios' doesn't exist
SQL: SELECT * FROM portfolios WHERE status = 'published' AND deleted_at IS NULL ORDER BY is_featured DESC, created_at DESC LIMIT 6
Params: []

[2026-01-13 15:31:21] SQLSTATE[42S02]: Base table or view not found: 1146 Table 'b7_40611962_tsilizy_llc.portfolios' doesn't exist
SQL: SELECT * FROM portfolios WHERE status = 'published' AND deleted_at IS NULL ORDER BY is_featured DESC, created_at DESC LIMIT 6
Params: []

[2026-01-13 23:24:00] SQLSTATE[42S02]: Base table or view not found: 1146 Table 'b7_40611962_tsilizy_llc.portfolios' doesn't exist
SQL: SELECT * FROM portfolios WHERE status = 'published' AND deleted_at IS NULL ORDER BY is_featured DESC, created_at DESC LIMIT 6
Params: []

[2026-01-13 23:24:00] SQLSTATE[42S02]: Base table or view not found: 1146 Table 'b7_40611962_tsilizy_llc.portfolios' doesn't exist
SQL: SELECT * FROM portfolios WHERE status = 'published' AND deleted_at IS NULL ORDER BY is_featured DESC, created_at DESC LIMIT 6
Params: []

[2026-01-16 22:25:56] SQLSTATE[42S02]: Base table or view not found: 1146 Table 'b7_40611962_tsilizy_llc.portfolios' doesn't exist
SQL: SELECT * FROM portfolios WHERE status = 'published' AND deleted_at IS NULL ORDER BY is_featured DESC, created_at DESC LIMIT 6
Params: []

[2026-01-20 17:11:12] SQLSTATE[42S02]: Base table or view not found: 1146 Table 'b7_40611962_tsilizy_llc.portfolios' doesn't exist
SQL: SELECT * FROM portfolios WHERE status = 'published' AND deleted_at IS NULL ORDER BY is_featured DESC, created_at DESC LIMIT 6
Params: []

[2026-01-20 17:11:18] SQLSTATE[42S02]: Base table or view not found: 1146 Table 'b7_40611962_tsilizy_llc.portfolios' doesn't exist
SQL: SELECT * FROM portfolios WHERE status = 'published' AND deleted_at IS NULL ORDER BY is_featured DESC, created_at DESC LIMIT 6
Params: []

[2026-01-20 17:11:28] SQLSTATE[42S02]: Base table or view not found: 1146 Table 'b7_40611962_tsilizy_llc.portfolios' doesn't exist
SQL: SELECT * FROM portfolios WHERE status = 'published' AND deleted_at IS NULL ORDER BY is_featured DESC, created_at DESC LIMIT 6
Params: []

[2026-01-20 17:11:32] SQLSTATE[42S02]: Base table or view not found: 1146 Table 'b7_40611962_tsilizy_llc.portfolios' doesn't exist
SQL: SELECT * FROM portfolios WHERE status = 'published' AND deleted_at IS NULL ORDER BY is_featured DESC, created_at DESC LIMIT 6
Params: []

[2026-01-20 17:11:32] SQLSTATE[42S02]: Base table or view not found: 1146 Table 'b7_40611962_tsilizy_llc.portfolios' doesn't exist
SQL: SELECT * FROM portfolios WHERE status = 'published' AND deleted_at IS NULL ORDER BY is_featured DESC, created_at DESC LIMIT 6
Params: []

[2026-01-20 17:11:35] SQLSTATE[42S02]: Base table or view not found: 1146 Table 'b7_40611962_tsilizy_llc.portfolios' doesn't exist
SQL: SELECT * FROM portfolios WHERE status = 'published' AND deleted_at IS NULL ORDER BY is_featured DESC, created_at DESC LIMIT 6
Params: []

[2026-01-20 17:13:18] SQLSTATE[42S02]: Base table or view not found: 1146 Table 'b7_40611962_tsilizy_llc.portfolios' doesn't exist
SQL: SELECT * FROM portfolios WHERE status = 'published' AND deleted_at IS NULL ORDER BY is_featured DESC, created_at DESC LIMIT 6
Params: []

[2026-01-20 17:13:21] SQLSTATE[42S02]: Base table or view not found: 1146 Table 'b7_40611962_tsilizy_llc.portfolios' doesn't exist
SQL: SELECT * FROM portfolios WHERE status = 'published' AND deleted_at IS NULL ORDER BY is_featured DESC, created_at DESC LIMIT 6
Params: []

[2026-01-20 17:14:55] SQLSTATE[42S02]: Base table or view not found: 1146 Table 'b7_40611962_tsilizy_llc.portfolios' doesn't exist
SQL: SELECT * FROM portfolios WHERE status = 'published' AND deleted_at IS NULL ORDER BY is_featured DESC, created_at DESC LIMIT 6
Params: []

[2026-01-21 17:22:15] SQLSTATE[42S02]: Base table or view not found: 1146 Table 'b7_40611962_tsilizy_llc.portfolios' doesn't exist
SQL: SELECT * FROM portfolios WHERE status = 'published' AND deleted_at IS NULL ORDER BY is_featured DESC, created_at DESC LIMIT 6
Params: []

[2026-01-22 06:48:27] SQLSTATE[42S02]: Base table or view not found: 1146 Table 'b7_40611962_tsilizy_llc.portfolios' doesn't exist
SQL: SELECT * FROM portfolios WHERE status = 'published' AND deleted_at IS NULL ORDER BY is_featured DESC, created_at DESC LIMIT 6
Params: []

[2026-01-22 15:18:20] SQLSTATE[42S02]: Base table or view not found: 1146 Table 'b7_40611962_tsilizy_llc.portfolios' doesn't exist
SQL: SELECT * FROM portfolios WHERE status = 'published' AND deleted_at IS NULL ORDER BY is_featured DESC, created_at DESC LIMIT 6
Params: []

[2026-01-22 15:37:04] SQLSTATE[42S02]: Base table or view not found: 1146 Table 'b7_40611962_tsilizy_llc.portfolios' doesn't exist
SQL: SELECT * FROM portfolios WHERE status = 'published' AND deleted_at IS NULL ORDER BY is_featured DESC, created_at DESC LIMIT 6
Params: []

[2026-01-22 15:37:15] SQLSTATE[42S02]: Base table or view not found: 1146 Table 'b7_40611962_tsilizy_llc.portfolios' doesn't exist
SQL: SELECT * FROM portfolios WHERE status = 'published' AND deleted_at IS NULL ORDER BY is_featured DESC, created_at DESC LIMIT 6
Params: []

[2026-01-22 15:37:15] SQLSTATE[42S02]: Base table or view not found: 1146 Table 'b7_40611962_tsilizy_llc.portfolios' doesn't exist
SQL: SELECT * FROM portfolios WHERE status = 'published' AND deleted_at IS NULL ORDER BY is_featured DESC, created_at DESC LIMIT 6
Params: []

[2026-01-22 15:37:16] SQLSTATE[42S02]: Base table or view not found: 1146 Table 'b7_40611962_tsilizy_llc.portfolios' doesn't exist
SQL: SELECT * FROM portfolios WHERE status = 'published' AND deleted_at IS NULL ORDER BY is_featured DESC, created_at DESC LIMIT 6
Params: []

[2026-01-22 15:37:16] SQLSTATE[42S02]: Base table or view not found: 1146 Table 'b7_40611962_tsilizy_llc.portfolios' doesn't exist
SQL: SELECT * FROM portfolios WHERE status = 'published' AND deleted_at IS NULL ORDER BY is_featured DESC, created_at DESC LIMIT 6
Params: []

[2026-01-22 16:06:21] SQLSTATE[42S02]: Base table or view not found: 1146 Table 'b7_40611962_tsilizy_llc.portfolios' doesn't exist
SQL: SELECT * FROM portfolios WHERE status = 'published' AND deleted_at IS NULL ORDER BY is_featured DESC, created_at DESC LIMIT 6
Params: []

[2026-01-22 16:06:28] SQLSTATE[42S02]: Base table or view not found: 1146 Table 'b7_40611962_tsilizy_llc.portfolios' doesn't exist
SQL: SELECT * FROM portfolios WHERE status = 'published' AND deleted_at IS NULL ORDER BY is_featured DESC, created_at DESC LIMIT 6
Params: []

[2026-01-23 10:36:38] SQLSTATE[42S02]: Base table or view not found: 1146 Table 'b7_40611962_tsilizy_llc.portfolios' doesn't exist
SQL: SELECT * FROM portfolios WHERE status = 'published' AND deleted_at IS NULL ORDER BY is_featured DESC, created_at DESC LIMIT 6
Params: []

[2026-01-23 10:37:30] SQLSTATE[42S22]: Column not found: 1054 Unknown column 'is_featured' in 'ORDER BY'
SQL: SELECT * FROM job_offers WHERE status = 'open' AND deleted_at IS NULL ORDER BY is_featured DESC, created_at DESC
Params: []

[2026-01-23 10:37:36] SQLSTATE[42S02]: Base table or view not found: 1146 Table 'b7_40611962_tsilizy_llc.portfolios' doesn't exist
SQL: SELECT * FROM portfolios WHERE status = 'published' AND deleted_at IS NULL ORDER BY is_featured DESC, created_at DESC LIMIT 6
Params: []

[2026-01-23 10:40:41] SQLSTATE[42S02]: Base table or view not found: 1146 Table 'b7_40611962_tsilizy_llc.portfolios' doesn't exist
SQL: SELECT * FROM portfolios WHERE status = 'published' AND deleted_at IS NULL ORDER BY is_featured DESC, created_at DESC LIMIT 6
Params: []

[2026-01-23 10:56:39] SQLSTATE[42S02]: Base table or view not found: 1146 Table 'b7_40611962_tsilizy_llc.portfolios' doesn't exist
SQL: SELECT * FROM portfolios WHERE status = 'published' AND deleted_at IS NULL ORDER BY is_featured DESC, created_at DESC LIMIT 6
Params: []

[2026-01-23 16:03:43] SQLSTATE[42S02]: Base table or view not found: 1146 Table 'b7_40611962_tsilizy_llc.portfolios' doesn't exist
SQL: SELECT * FROM portfolios WHERE status = 'published' AND deleted_at IS NULL ORDER BY is_featured DESC, created_at DESC LIMIT 6
Params: []

[2026-01-23 16:04:15] SQLSTATE[42S02]: Base table or view not found: 1146 Table 'b7_40611962_tsilizy_llc.portfolios' doesn't exist
SQL: SELECT * FROM portfolios WHERE status = 'published' AND deleted_at IS NULL ORDER BY is_featured DESC, created_at DESC LIMIT 6
Params: []

[2026-01-23 19:48:34] SQLSTATE[42S02]: Base table or view not found: 1146 Table 'b7_40611962_tsilizy_llc.portfolios' doesn't exist
SQL: SELECT * FROM portfolios WHERE status = 'published' AND deleted_at IS NULL ORDER BY is_featured DESC, created_at DESC LIMIT 6
Params: []

[2026-01-23 19:56:31] SQLSTATE[42S02]: Base table or view not found: 1146 Table 'b7_40611962_tsilizy_llc.portfolios' doesn't exist
SQL: SELECT * FROM portfolios WHERE status = 'published' AND deleted_at IS NULL ORDER BY is_featured DESC, created_at DESC LIMIT 6
Params: []

[2026-01-25 06:17:48] SQLSTATE[42S02]: Base table or view not found: 1146 Table 'b7_40611962_tsilizy_llc.portfolios' doesn't exist
SQL: SELECT * FROM portfolios WHERE status = 'published' AND deleted_at IS NULL ORDER BY is_featured DESC, created_at DESC LIMIT 6
Params: []

[2026-01-25 19:12:03] SQLSTATE[42S02]: Base table or view not found: 1146 Table 'b7_40611962_tsilizy_llc.portfolios' doesn't exist
SQL: SELECT * FROM portfolios WHERE status = 'published' AND deleted_at IS NULL ORDER BY is_featured DESC, created_at DESC LIMIT 6
Params: []

[2026-01-25 19:38:27] SQLSTATE[42S02]: Base table or view not found: 1146 Table 'b7_40611962_tsilizy_llc.portfolios' doesn't exist
SQL: SELECT * FROM portfolios WHERE status = 'published' AND deleted_at IS NULL ORDER BY is_featured DESC, created_at DESC LIMIT 6
Params: []

[2026-01-26 06:03:58] SQLSTATE[42S02]: Base table or view not found: 1146 Table 'b7_40611962_tsilizy_llc.portfolios' doesn't exist
SQL: SELECT * FROM portfolios WHERE status = 'published' AND deleted_at IS NULL ORDER BY is_featured DESC, created_at DESC LIMIT 6
Params: []

[2026-01-27 18:34:33] SQLSTATE[42S02]: Base table or view not found: 1146 Table 'b7_40611962_tsilizy_llc.portfolios' doesn't exist
SQL: SELECT * FROM portfolios WHERE status = 'published' AND deleted_at IS NULL ORDER BY is_featured DESC, created_at DESC LIMIT 6
Params: []

[2026-01-28 07:58:54] SQLSTATE[42S02]: Base table or view not found: 1146 Table 'b7_40611962_tsilizy_llc.portfolios' doesn't exist
SQL: SELECT * FROM portfolios WHERE status = 'published' AND deleted_at IS NULL ORDER BY is_featured DESC, created_at DESC LIMIT 6
Params: []

[2026-01-29 06:05:32] SQLSTATE[42S02]: Base table or view not found: 1146 Table 'b7_40611962_tsilizy_llc.portfolios' doesn't exist
SQL: SELECT * FROM portfolios WHERE status = 'published' AND deleted_at IS NULL ORDER BY is_featured DESC, created_at DESC LIMIT 6
Params: []

[2026-02-04 09:32:10] SQLSTATE[42S02]: Base table or view not found: 1146 Table 'b7_40611962_tsilizy_llc.portfolios' doesn't exist
SQL: SELECT * FROM portfolios WHERE status = 'published' AND deleted_at IS NULL ORDER BY is_featured DESC, created_at DESC LIMIT 6
Params: []

[2026-02-04 09:58:55] SQLSTATE[42S02]: Base table or view not found: 1146 Table 'b7_40611962_tsilizy_llc.portfolios' doesn't exist
SQL: SELECT * FROM portfolios WHERE status = 'published' AND deleted_at IS NULL ORDER BY is_featured DESC, created_at DESC LIMIT 6
Params: []

[2026-02-04 09:58:58] SQLSTATE[42S22]: Column not found: 1054 Unknown column 'client_id' in 'WHERE'
SQL: SELECT * FROM contracts WHERE client_id = ? ORDER BY created_at DESC LIMIT 5
Params: [1]

[2026-02-04 09:59:04] SQLSTATE[42S22]: Column not found: 1054 Unknown column 'client_id' in 'WHERE'
SQL: SELECT * FROM contracts WHERE client_id = ? ORDER BY created_at DESC LIMIT 5
Params: [1]

[2026-02-04 09:59:09] SQLSTATE[42S02]: Base table or view not found: 1146 Table 'b7_40611962_tsilizy_llc.portfolios' doesn't exist
SQL: SELECT * FROM portfolios WHERE status = 'published' AND deleted_at IS NULL ORDER BY is_featured DESC, created_at DESC LIMIT 6
Params: []

[2026-02-04 09:59:24] SQLSTATE[42S02]: Base table or view not found: 1146 Table 'b7_40611962_tsilizy_llc.portfolios' doesn't exist
SQL: SELECT * FROM portfolios WHERE status = 'published' AND deleted_at IS NULL ORDER BY is_featured DESC, created_at DESC LIMIT 6
Params: []

[2026-02-04 13:10:16] SQLSTATE[42S02]: Base table or view not found: 1146 Table 'b7_40611962_tsilizy_llc.portfolios' doesn't exist
SQL: SELECT * FROM portfolios WHERE status = 'published' AND deleted_at IS NULL ORDER BY is_featured DESC, created_at DESC LIMIT 6
Params: []

[2026-02-04 19:11:10] SQLSTATE[42S02]: Base table or view not found: 1146 Table 'b7_40611962_tsilizy_llc.portfolios' doesn't exist
SQL: SELECT * FROM portfolios WHERE status = 'published' AND deleted_at IS NULL ORDER BY is_featured DESC, created_at DESC LIMIT 6
Params: []

[2026-02-04 19:11:14] SQLSTATE[42S02]: Base table or view not found: 1146 Table 'b7_40611962_tsilizy_llc.portfolios' doesn't exist
SQL: SELECT * FROM portfolios WHERE status = 'published' AND deleted_at IS NULL ORDER BY is_featured DESC, created_at DESC LIMIT 6
Params: []

[2026-02-04 19:14:26] SQLSTATE[42S22]: Column not found: 1054 Unknown column 'is_featured' in 'ORDER BY'
SQL: SELECT * FROM job_offers WHERE status = 'open' AND deleted_at IS NULL ORDER BY is_featured DESC, created_at DESC
Params: []

[2026-02-06 06:21:53] SQLSTATE[42S02]: Base table or view not found: 1146 Table 'b7_40611962_tsilizy_llc.portfolios' doesn't exist
SQL: SELECT * FROM portfolios WHERE status = 'published' AND deleted_at IS NULL ORDER BY is_featured DESC, created_at DESC LIMIT 6
Params: []

[2026-02-10 15:28:09] SQLSTATE[42S02]: Base table or view not found: 1146 Table 'b7_40611962_tsilizy_llc.portfolios' doesn't exist
SQL: SELECT * FROM portfolios WHERE status = 'published' AND deleted_at IS NULL ORDER BY is_featured DESC, created_at DESC LIMIT 6
Params: []

[2026-02-11 01:59:05] SQLSTATE[42S02]: Base table or view not found: 1146 Table 'b7_40611962_tsilizy_llc.portfolios' doesn't exist
SQL: SELECT * FROM portfolios WHERE status = 'published' AND deleted_at IS NULL ORDER BY is_featured DESC, created_at DESC LIMIT 6
Params: []

[2026-02-11 13:29:34] SQLSTATE[42S02]: Base table or view not found: 1146 Table 'b7_40611962_tsilizy_llc.portfolios' doesn't exist
SQL: SELECT * FROM portfolios WHERE status = 'published' AND deleted_at IS NULL ORDER BY is_featured DESC, created_at DESC LIMIT 6
Params: []

[2026-02-15 12:04:47] SQLSTATE[42S02]: Base table or view not found: 1146 Table 'b7_40611962_tsilizy_llc.portfolios' doesn't exist
SQL: SELECT * FROM portfolios WHERE status = 'published' AND deleted_at IS NULL ORDER BY is_featured DESC, created_at DESC LIMIT 6
Params: []

